build/app/intermediates/manifest_merge_blame_file/release/manifest-merger-blame-release-report.txt
1<?xml version="1.0" encoding="utf-8"?>
2<manifest xmlns:android="http://schemas.android.com/apk/res/android"
3    package="com.example.bigtitlss_management"
4    android:versionCode="1"
5    android:versionName="1.0.0" >
6
7    <uses-sdk
8        android:minSdkVersion="21"
8-->src/main/AndroidManifest.xml
9        android:targetSdkVersion="30" />
9-->src/main/AndroidManifest.xml
10
11    <uses-permission android:name="android.permission.INTERNET" />
11-->[:firebase_messaging] AndroidManifest.xml:7:5-67
11-->[:firebase_messaging] AndroidManifest.xml:7:22-64
12    <uses-permission android:name="android.permission.WAKE_LOCK" />
12-->[:firebase_messaging] AndroidManifest.xml:8:5-68
12-->[:firebase_messaging] AndroidManifest.xml:8:22-65
13    <uses-permission android:name="android.permission.ACCESS_NETWORK_STATE" />
13-->[:firebase_messaging] AndroidManifest.xml:9:5-79
13-->[:firebase_messaging] AndroidManifest.xml:9:22-76
14    <uses-permission android:name="android.permission.READ_EXTERNAL_STORAGE" />
14-->[:file_picker] AndroidManifest.xml:7:5-80
14-->[:file_picker] AndroidManifest.xml:7:22-77
15
16    <queries>
16-->[:file_picker] AndroidManifest.xml:9:5-15:15
17        <intent>
17-->[:file_picker] AndroidManifest.xml:10:9-14:18
18            <action android:name="android.intent.action.GET_CONTENT" />
18-->[:file_picker] AndroidManifest.xml:11:13-72
18-->[:file_picker] AndroidManifest.xml:11:21-69
19
20            <data android:mimeType="*/*" />
20-->[:file_picker] AndroidManifest.xml:13:13-44
20-->[:file_picker] AndroidManifest.xml:13:19-41
21        </intent>
22    </queries>
23
24    <uses-permission android:name="android.permission.REQUEST_INSTALL_PACKAGES" /> <!-- Required by older versions of Google Play services to create IID tokens -->
24-->[:open_file] AndroidManifest.xml:8:5-83
24-->[:open_file] AndroidManifest.xml:8:22-80
25    <uses-permission android:name="com.google.android.c2dm.permission.RECEIVE" />
25-->[com.google.firebase:firebase-messaging:22.0.0] AndroidManifest.xml:25:5-82
25-->[com.google.firebase:firebase-messaging:22.0.0] AndroidManifest.xml:25:22-79
26
27    <application
27-->src/main/AndroidManifest.xml:3:4-46:19
28        android:appComponentFactory="androidx.core.app.CoreComponentFactory"
28-->[androidx.core:core:1.1.0] AndroidManifest.xml:24:18-86
29        android:icon="@mipmap/ic_launcher"
29-->src/main/AndroidManifest.xml:5:9-43
30        android:label="BT Management" >
30-->src/main/AndroidManifest.xml:4:9-38
31        <activity
31-->src/main/AndroidManifest.xml:6:9-40:20
32            android:name="com.example.testbig.MainActivity"
32-->src/main/AndroidManifest.xml:7:13-41
33            android:configChanges="orientation|keyboardHidden|keyboard|screenSize|smallestScreenSize|locale|layoutDirection|fontScale|screenLayout|density|uiMode"
33-->src/main/AndroidManifest.xml:10:13-163
34            android:hardwareAccelerated="true"
34-->src/main/AndroidManifest.xml:11:13-47
35            android:launchMode="singleTop"
35-->src/main/AndroidManifest.xml:8:13-43
36            android:requestLegacyExternalStorage="true"
36-->src/main/AndroidManifest.xml:12:13-56
37            android:theme="@style/LaunchTheme"
37-->src/main/AndroidManifest.xml:9:13-47
38            android:windowSoftInputMode="adjustResize" >
38-->src/main/AndroidManifest.xml:13:13-55
39
40            <!--
41                 Specifies an Android theme to apply to this Activity as soon as
42                 the Android process has started. This theme is visible to the user
43                 while the Flutter UI initializes. After that, this theme continues
44                 to determine the Window background behind the Flutter UI.
45            -->
46            <meta-data
46-->src/main/AndroidManifest.xml:18:13-21:17
47                android:name="io.flutter.embedding.android.NormalTheme"
47-->src/main/AndroidManifest.xml:19:15-70
48                android:resource="@style/NormalTheme" />
48-->src/main/AndroidManifest.xml:20:15-52
49            <!--
50                 Displays an Android View that continues showing the launch screen
51                 Drawable until Flutter paints its first frame, then this splash
52                 screen fades out. A splash screen is useful to avoid any visual
53                 gap between the end of Android's launch screen and the painting of
54                 Flutter's first frame.
55            -->
56            <meta-data
56-->src/main/AndroidManifest.xml:27:13-30:17
57                android:name="io.flutter.embedding.android.SplashScreenDrawable"
57-->src/main/AndroidManifest.xml:28:15-79
58                android:resource="@drawable/launch_background" />
58-->src/main/AndroidManifest.xml:29:15-61
59
60            <intent-filter>
60-->src/main/AndroidManifest.xml:31:13-34:29
61                <action android:name="android.intent.action.MAIN" />
61-->src/main/AndroidManifest.xml:32:17-68
61-->src/main/AndroidManifest.xml:32:25-66
62
63                <category android:name="android.intent.category.LAUNCHER" />
63-->src/main/AndroidManifest.xml:33:17-76
63-->src/main/AndroidManifest.xml:33:27-74
64            </intent-filter>
65            <intent-filter>
65-->src/main/AndroidManifest.xml:35:13-38:29
66                <action android:name="FLUTTER_NOTIFICATION_CLICK" />
66-->src/main/AndroidManifest.xml:36:17-69
66-->src/main/AndroidManifest.xml:36:25-66
67
68                <category android:name="android.intent.category.DEFAULT" />
68-->src/main/AndroidManifest.xml:37:17-76
68-->src/main/AndroidManifest.xml:37:27-73
69            </intent-filter>
70        </activity>
71        <!--
72             Don't delete the meta-data below.
73             This is used by the Flutter tool to generate GeneratedPluginRegistrant.java
74        -->
75        <meta-data
75-->src/main/AndroidManifest.xml:43:9-45:33
76            android:name="flutterEmbedding"
76-->src/main/AndroidManifest.xml:44:13-44
77            android:value="2" />
77-->src/main/AndroidManifest.xml:45:13-30
78
79        <service
79-->[:cloud_firestore] AndroidManifest.xml:8:9-12:19
80            android:name="com.google.firebase.components.ComponentDiscoveryService"
80-->[:cloud_firestore] AndroidManifest.xml:8:18-89
81            android:directBootAware="true"
81-->[com.google.firebase:firebase-common:20.0.0] AndroidManifest.xml:35:13-43
82            android:exported="false" >
82-->[com.google.firebase:firebase-auth:21.0.1] AndroidManifest.xml:76:13-37
83            <meta-data
83-->[:cloud_firestore] AndroidManifest.xml:9:13-11:85
84                android:name="com.google.firebase.components:io.flutter.plugins.firebase.firestore.FlutterFirebaseFirestoreRegistrar"
84-->[:cloud_firestore] AndroidManifest.xml:10:17-134
85                android:value="com.google.firebase.components.ComponentRegistrar" />
85-->[:cloud_firestore] AndroidManifest.xml:11:17-82
86            <meta-data
86-->[:firebase_auth] AndroidManifest.xml:9:13-11:85
87                android:name="com.google.firebase.components:io.flutter.plugins.firebase.auth.FlutterFirebaseAuthRegistrar"
87-->[:firebase_auth] AndroidManifest.xml:10:17-124
88                android:value="com.google.firebase.components.ComponentRegistrar" />
88-->[:firebase_auth] AndroidManifest.xml:11:17-82
89            <meta-data
89-->[:firebase_storage] AndroidManifest.xml:9:13-11:85
90                android:name="com.google.firebase.components:io.flutter.plugins.firebase.storage.FlutterFirebaseAppRegistrar"
90-->[:firebase_storage] AndroidManifest.xml:10:17-126
91                android:value="com.google.firebase.components.ComponentRegistrar" />
91-->[:firebase_storage] AndroidManifest.xml:11:17-82
92            <meta-data
92-->[:firebase_messaging] AndroidManifest.xml:34:13-36:85
93                android:name="com.google.firebase.components:io.flutter.plugins.firebase.messaging.FlutterFirebaseAppRegistrar"
93-->[:firebase_messaging] AndroidManifest.xml:35:17-128
94                android:value="com.google.firebase.components.ComponentRegistrar" />
94-->[:firebase_messaging] AndroidManifest.xml:36:17-82
95            <meta-data
95-->[:firebase_core] AndroidManifest.xml:9:13-11:85
96                android:name="com.google.firebase.components:io.flutter.plugins.firebase.core.FlutterFirebaseCoreRegistrar"
96-->[:firebase_core] AndroidManifest.xml:10:17-124
97                android:value="com.google.firebase.components.ComponentRegistrar" />
97-->[:firebase_core] AndroidManifest.xml:11:17-82
98            <meta-data
98-->[com.google.firebase:firebase-auth:21.0.1] AndroidManifest.xml:77:13-79:85
99                android:name="com.google.firebase.components:com.google.firebase.auth.FirebaseAuthRegistrar"
99-->[com.google.firebase:firebase-auth:21.0.1] AndroidManifest.xml:78:17-109
100                android:value="com.google.firebase.components.ComponentRegistrar" />
100-->[com.google.firebase:firebase-auth:21.0.1] AndroidManifest.xml:79:17-82
101            <meta-data
101-->[com.google.firebase:firebase-firestore:23.0.3] AndroidManifest.xml:20:13-22:85
102                android:name="com.google.firebase.components:com.google.firebase.firestore.FirestoreRegistrar"
102-->[com.google.firebase:firebase-firestore:23.0.3] AndroidManifest.xml:21:17-111
103                android:value="com.google.firebase.components.ComponentRegistrar" />
103-->[com.google.firebase:firebase-firestore:23.0.3] AndroidManifest.xml:22:17-82
104            <meta-data
104-->[com.google.firebase:firebase-messaging:22.0.0] AndroidManifest.xml:52:13-54:85
105                android:name="com.google.firebase.components:com.google.firebase.messaging.FirebaseMessagingRegistrar"
105-->[com.google.firebase:firebase-messaging:22.0.0] AndroidManifest.xml:53:17-119
106                android:value="com.google.firebase.components.ComponentRegistrar" />
106-->[com.google.firebase:firebase-messaging:22.0.0] AndroidManifest.xml:54:17-82
107            <meta-data
107-->[com.google.firebase:firebase-storage:20.0.0] AndroidManifest.xml:33:13-35:85
108                android:name="com.google.firebase.components:com.google.firebase.storage.StorageRegistrar"
108-->[com.google.firebase:firebase-storage:20.0.0] AndroidManifest.xml:34:17-107
109                android:value="com.google.firebase.components.ComponentRegistrar" />
109-->[com.google.firebase:firebase-storage:20.0.0] AndroidManifest.xml:35:17-82
110            <meta-data
110-->[com.google.firebase:firebase-datatransport:18.0.0] AndroidManifest.xml:28:13-30:85
111                android:name="com.google.firebase.components:com.google.firebase.datatransport.TransportRegistrar"
111-->[com.google.firebase:firebase-datatransport:18.0.0] AndroidManifest.xml:29:17-115
112                android:value="com.google.firebase.components.ComponentRegistrar" />
112-->[com.google.firebase:firebase-datatransport:18.0.0] AndroidManifest.xml:30:17-82
113            <meta-data
113-->[com.google.firebase:firebase-installations:17.0.0] AndroidManifest.xml:18:13-20:85
114                android:name="com.google.firebase.components:com.google.firebase.installations.FirebaseInstallationsRegistrar"
114-->[com.google.firebase:firebase-installations:17.0.0] AndroidManifest.xml:19:17-127
115                android:value="com.google.firebase.components.ComponentRegistrar" />
115-->[com.google.firebase:firebase-installations:17.0.0] AndroidManifest.xml:20:17-82
116        </service>
117        <service
117-->[:firebase_messaging] AndroidManifest.xml:12:9-15:72
118            android:name="io.flutter.plugins.firebase.messaging.FlutterFirebaseMessagingBackgroundService"
118-->[:firebase_messaging] AndroidManifest.xml:13:13-107
119            android:exported="false"
119-->[:firebase_messaging] AndroidManifest.xml:14:13-37
120            android:permission="android.permission.BIND_JOB_SERVICE" />
120-->[:firebase_messaging] AndroidManifest.xml:15:13-69
121        <service
121-->[:firebase_messaging] AndroidManifest.xml:16:9-22:19
122            android:name="io.flutter.plugins.firebase.messaging.FlutterFirebaseMessagingService"
122-->[:firebase_messaging] AndroidManifest.xml:17:13-97
123            android:exported="false" >
123-->[:firebase_messaging] AndroidManifest.xml:18:13-37
124            <intent-filter>
124-->[:firebase_messaging] AndroidManifest.xml:19:13-21:29
125                <action android:name="com.google.firebase.MESSAGING_EVENT" />
125-->[:firebase_messaging] AndroidManifest.xml:20:17-78
125-->[:firebase_messaging] AndroidManifest.xml:20:25-75
126            </intent-filter>
127        </service>
128
129        <receiver
129-->[:firebase_messaging] AndroidManifest.xml:24:9-31:20
130            android:name="io.flutter.plugins.firebase.messaging.FlutterFirebaseMessagingReceiver"
130-->[:firebase_messaging] AndroidManifest.xml:25:13-98
131            android:exported="true"
131-->[:firebase_messaging] AndroidManifest.xml:26:13-36
132            android:permission="com.google.android.c2dm.permission.SEND" >
132-->[:firebase_messaging] AndroidManifest.xml:27:13-73
133            <intent-filter>
133-->[:firebase_messaging] AndroidManifest.xml:28:13-30:29
134                <action android:name="com.google.android.c2dm.intent.RECEIVE" />
134-->[:firebase_messaging] AndroidManifest.xml:29:17-81
134-->[:firebase_messaging] AndroidManifest.xml:29:25-78
135            </intent-filter>
136        </receiver>
137
138        <provider
138-->[:firebase_messaging] AndroidManifest.xml:39:9-43:38
139            android:name="io.flutter.plugins.firebase.messaging.FlutterFirebaseMessagingInitProvider"
139-->[:firebase_messaging] AndroidManifest.xml:40:13-102
140            android:authorities="com.example.bigtitlss_management.flutterfirebasemessaginginitprovider"
140-->[:firebase_messaging] AndroidManifest.xml:41:13-88
141            android:exported="false"
141-->[:firebase_messaging] AndroidManifest.xml:42:13-37
142            android:initOrder="99" />
142-->[:firebase_messaging] AndroidManifest.xml:43:13-35
143        <provider
143-->[:image_picker] AndroidManifest.xml:8:9-16:20
144            android:name="io.flutter.plugins.imagepicker.ImagePickerFileProvider"
144-->[:image_picker] AndroidManifest.xml:9:13-82
145            android:authorities="com.example.bigtitlss_management.flutter.image_provider"
145-->[:image_picker] AndroidManifest.xml:10:13-74
146            android:exported="false"
146-->[:image_picker] AndroidManifest.xml:11:13-37
147            android:grantUriPermissions="true" >
147-->[:image_picker] AndroidManifest.xml:12:13-47
148            <meta-data
148-->[:image_picker] AndroidManifest.xml:13:13-15:75
149                android:name="android.support.FILE_PROVIDER_PATHS"
149-->[:image_picker] AndroidManifest.xml:14:17-67
150                android:resource="@xml/flutter_image_picker_file_paths" />
150-->[:image_picker] AndroidManifest.xml:15:17-72
151        </provider>
152        <provider
152-->[:open_file] AndroidManifest.xml:12:9-21:20
153            android:name="com.crazecoder.openfile.FileProvider"
153-->[:open_file] AndroidManifest.xml:13:13-64
154            android:authorities="com.example.bigtitlss_management.fileProvider.com.crazecoder.openfile"
154-->[:open_file] AndroidManifest.xml:14:13-88
155            android:exported="false"
155-->[:open_file] AndroidManifest.xml:15:13-37
156            android:grantUriPermissions="true" >
156-->[:open_file] AndroidManifest.xml:16:13-47
157            <meta-data
157-->[:image_picker] AndroidManifest.xml:13:13-15:75
158                android:name="android.support.FILE_PROVIDER_PATHS"
158-->[:image_picker] AndroidManifest.xml:14:17-67
159                android:resource="@xml/filepaths" />
159-->[:image_picker] AndroidManifest.xml:15:17-72
160        </provider>
161
162        <activity
162-->[:url_launcher] AndroidManifest.xml:8:9-11:74
163            android:name="io.flutter.plugins.urllauncher.WebViewActivity"
163-->[:url_launcher] AndroidManifest.xml:9:13-74
164            android:exported="false"
164-->[:url_launcher] AndroidManifest.xml:10:13-37
165            android:theme="@android:style/Theme.NoTitleBar.Fullscreen" />
165-->[:url_launcher] AndroidManifest.xml:11:13-71
166        <activity
166-->[com.google.firebase:firebase-auth:21.0.1] AndroidManifest.xml:27:9-44:20
167            android:name="com.google.firebase.auth.internal.GenericIdpActivity"
167-->[com.google.firebase:firebase-auth:21.0.1] AndroidManifest.xml:28:13-80
168            android:excludeFromRecents="true"
168-->[com.google.firebase:firebase-auth:21.0.1] AndroidManifest.xml:29:13-46
169            android:exported="true"
169-->[com.google.firebase:firebase-auth:21.0.1] AndroidManifest.xml:30:13-36
170            android:launchMode="singleTask"
170-->[com.google.firebase:firebase-auth:21.0.1] AndroidManifest.xml:31:13-44
171            android:theme="@android:style/Theme.Translucent.NoTitleBar" >
171-->[com.google.firebase:firebase-auth:21.0.1] AndroidManifest.xml:32:13-72
172            <intent-filter>
172-->[com.google.firebase:firebase-auth:21.0.1] AndroidManifest.xml:33:13-43:29
173                <action android:name="android.intent.action.VIEW" />
173-->[com.google.firebase:firebase-auth:21.0.1] AndroidManifest.xml:34:17-69
173-->[com.google.firebase:firebase-auth:21.0.1] AndroidManifest.xml:34:25-66
174
175                <category android:name="android.intent.category.DEFAULT" />
175-->src/main/AndroidManifest.xml:37:17-76
175-->src/main/AndroidManifest.xml:37:27-73
176                <category android:name="android.intent.category.BROWSABLE" />
176-->[com.google.firebase:firebase-auth:21.0.1] AndroidManifest.xml:37:17-78
176-->[com.google.firebase:firebase-auth:21.0.1] AndroidManifest.xml:37:27-75
177
178                <data
178-->[:file_picker] AndroidManifest.xml:13:13-44
179                    android:host="firebase.auth"
180                    android:path="/"
181                    android:scheme="genericidp" />
182            </intent-filter>
183        </activity>
184        <activity
184-->[com.google.firebase:firebase-auth:21.0.1] AndroidManifest.xml:45:9-62:20
185            android:name="com.google.firebase.auth.internal.RecaptchaActivity"
185-->[com.google.firebase:firebase-auth:21.0.1] AndroidManifest.xml:46:13-79
186            android:excludeFromRecents="true"
186-->[com.google.firebase:firebase-auth:21.0.1] AndroidManifest.xml:47:13-46
187            android:exported="true"
187-->[com.google.firebase:firebase-auth:21.0.1] AndroidManifest.xml:48:13-36
188            android:launchMode="singleTask"
188-->[com.google.firebase:firebase-auth:21.0.1] AndroidManifest.xml:49:13-44
189            android:theme="@android:style/Theme.Translucent.NoTitleBar" >
189-->[com.google.firebase:firebase-auth:21.0.1] AndroidManifest.xml:50:13-72
190            <intent-filter>
190-->[com.google.firebase:firebase-auth:21.0.1] AndroidManifest.xml:51:13-61:29
191                <action android:name="android.intent.action.VIEW" />
191-->[com.google.firebase:firebase-auth:21.0.1] AndroidManifest.xml:34:17-69
191-->[com.google.firebase:firebase-auth:21.0.1] AndroidManifest.xml:34:25-66
192
193                <category android:name="android.intent.category.DEFAULT" />
193-->src/main/AndroidManifest.xml:37:17-76
193-->src/main/AndroidManifest.xml:37:27-73
194                <category android:name="android.intent.category.BROWSABLE" />
194-->[com.google.firebase:firebase-auth:21.0.1] AndroidManifest.xml:37:17-78
194-->[com.google.firebase:firebase-auth:21.0.1] AndroidManifest.xml:37:27-75
195
196                <data
196-->[:file_picker] AndroidManifest.xml:13:13-44
197                    android:host="firebase.auth"
198                    android:path="/"
199                    android:scheme="recaptcha" />
200            </intent-filter>
201        </activity>
202
203        <service
203-->[com.google.firebase:firebase-auth:21.0.1] AndroidManifest.xml:64:9-73:19
204            android:name="com.google.firebase.auth.api.fallback.service.FirebaseAuthFallbackService"
204-->[com.google.firebase:firebase-auth:21.0.1] AndroidManifest.xml:65:13-101
205            android:enabled="true"
205-->[com.google.firebase:firebase-auth:21.0.1] AndroidManifest.xml:66:13-35
206            android:exported="false" >
206-->[com.google.firebase:firebase-auth:21.0.1] AndroidManifest.xml:67:13-37
207            <intent-filter>
207-->[com.google.firebase:firebase-auth:21.0.1] AndroidManifest.xml:68:13-72:29
208                <action android:name="com.google.firebase.auth.api.gms.service.START" />
208-->[com.google.firebase:firebase-auth:21.0.1] AndroidManifest.xml:69:17-89
208-->[com.google.firebase:firebase-auth:21.0.1] AndroidManifest.xml:69:25-86
209
210                <category android:name="android.intent.category.DEFAULT" />
210-->src/main/AndroidManifest.xml:37:17-76
210-->src/main/AndroidManifest.xml:37:27-73
211            </intent-filter>
212        </service>
213
214        <receiver
214-->[com.google.firebase:firebase-messaging:22.0.0] AndroidManifest.xml:28:9-35:20
215            android:name="com.google.firebase.iid.FirebaseInstanceIdReceiver"
215-->[com.google.firebase:firebase-messaging:22.0.0] AndroidManifest.xml:29:13-78
216            android:exported="true"
216-->[com.google.firebase:firebase-messaging:22.0.0] AndroidManifest.xml:30:13-36
217            android:permission="com.google.android.c2dm.permission.SEND" >
217-->[com.google.firebase:firebase-messaging:22.0.0] AndroidManifest.xml:31:13-73
218            <intent-filter>
218-->[:firebase_messaging] AndroidManifest.xml:28:13-30:29
219                <action android:name="com.google.android.c2dm.intent.RECEIVE" />
219-->[:firebase_messaging] AndroidManifest.xml:29:17-81
219-->[:firebase_messaging] AndroidManifest.xml:29:25-78
220            </intent-filter>
221        </receiver>
222        <!--
223             FirebaseMessagingService performs security checks at runtime,
224             but set to not exported to explicitly avoid allowing another app to call it.
225        -->
226        <service
226-->[com.google.firebase:firebase-messaging:22.0.0] AndroidManifest.xml:41:9-48:19
227            android:name="com.google.firebase.messaging.FirebaseMessagingService"
227-->[com.google.firebase:firebase-messaging:22.0.0] AndroidManifest.xml:42:13-82
228            android:directBootAware="true"
228-->[com.google.firebase:firebase-messaging:22.0.0] AndroidManifest.xml:43:13-43
229            android:exported="false" >
229-->[com.google.firebase:firebase-messaging:22.0.0] AndroidManifest.xml:44:13-37
230            <intent-filter android:priority="-500" >
230-->[:firebase_messaging] AndroidManifest.xml:19:13-21:29
231                <action android:name="com.google.firebase.MESSAGING_EVENT" />
231-->[:firebase_messaging] AndroidManifest.xml:20:17-78
231-->[:firebase_messaging] AndroidManifest.xml:20:25-75
232            </intent-filter>
233        </service>
234
235        <provider
235-->[com.google.firebase:firebase-common:20.0.0] AndroidManifest.xml:26:9-31:39
236            android:name="com.google.firebase.provider.FirebaseInitProvider"
236-->[com.google.firebase:firebase-common:20.0.0] AndroidManifest.xml:27:13-77
237            android:authorities="com.example.bigtitlss_management.firebaseinitprovider"
237-->[com.google.firebase:firebase-common:20.0.0] AndroidManifest.xml:28:13-72
238            android:directBootAware="true"
238-->[com.google.firebase:firebase-common:20.0.0] AndroidManifest.xml:29:13-43
239            android:exported="false"
239-->[com.google.firebase:firebase-common:20.0.0] AndroidManifest.xml:30:13-37
240            android:initOrder="100" />
240-->[com.google.firebase:firebase-common:20.0.0] AndroidManifest.xml:31:13-36
241
242        <activity
242-->[com.google.android.gms:play-services-base:17.1.0] AndroidManifest.xml:23:9-26:75
243            android:name="com.google.android.gms.common.api.GoogleApiActivity"
243-->[com.google.android.gms:play-services-base:17.1.0] AndroidManifest.xml:24:13-79
244            android:exported="false"
244-->[com.google.android.gms:play-services-base:17.1.0] AndroidManifest.xml:25:13-37
245            android:theme="@android:style/Theme.Translucent.NoTitleBar" />
245-->[com.google.android.gms:play-services-base:17.1.0] AndroidManifest.xml:26:13-72
246
247        <meta-data
247-->[com.google.android.gms:play-services-basement:17.1.0] AndroidManifest.xml:23:9-25:69
248            android:name="com.google.android.gms.version"
248-->[com.google.android.gms:play-services-basement:17.1.0] AndroidManifest.xml:24:13-58
249            android:value="@integer/google_play_services_version" />
249-->[com.google.android.gms:play-services-basement:17.1.0] AndroidManifest.xml:25:13-66
250
251        <service
251-->[com.google.android.datatransport:transport-backend-cct:3.0.0] AndroidManifest.xml:29:9-35:19
252            android:name="com.google.android.datatransport.runtime.backends.TransportBackendDiscovery"
252-->[com.google.android.datatransport:transport-backend-cct:3.0.0] AndroidManifest.xml:30:13-103
253            android:exported="false" >
253-->[com.google.android.datatransport:transport-backend-cct:3.0.0] AndroidManifest.xml:31:13-37
254            <meta-data
254-->[com.google.android.datatransport:transport-backend-cct:3.0.0] AndroidManifest.xml:32:13-34:39
255                android:name="backend:com.google.android.datatransport.cct.CctBackendFactory"
255-->[com.google.android.datatransport:transport-backend-cct:3.0.0] AndroidManifest.xml:33:17-94
256                android:value="cct" />
256-->[com.google.android.datatransport:transport-backend-cct:3.0.0] AndroidManifest.xml:34:17-36
257        </service>
258        <service
258-->[com.google.android.datatransport:transport-runtime:3.0.0] AndroidManifest.xml:26:9-30:19
259            android:name="com.google.android.datatransport.runtime.scheduling.jobscheduling.JobInfoSchedulerService"
259-->[com.google.android.datatransport:transport-runtime:3.0.0] AndroidManifest.xml:27:13-117
260            android:exported="false"
260-->[com.google.android.datatransport:transport-runtime:3.0.0] AndroidManifest.xml:28:13-37
261            android:permission="android.permission.BIND_JOB_SERVICE" >
261-->[com.google.android.datatransport:transport-runtime:3.0.0] AndroidManifest.xml:29:13-69
262        </service>
263
264        <receiver
264-->[com.google.android.datatransport:transport-runtime:3.0.0] AndroidManifest.xml:32:9-34:40
265            android:name="com.google.android.datatransport.runtime.scheduling.jobscheduling.AlarmManagerSchedulerBroadcastReceiver"
265-->[com.google.android.datatransport:transport-runtime:3.0.0] AndroidManifest.xml:33:13-132
266            android:exported="false" />
266-->[com.google.android.datatransport:transport-runtime:3.0.0] AndroidManifest.xml:34:13-37
267    </application>
268
269</manifest>